<?xml version="1.0" encoding="UTF-8"?>
<!-- Generated by org.testng.reporters.JUnitReportReporter -->
<testsuite skipped="0" hostname="ranjanabangas-MacBook-Pro.local" name="SalesforcePakage.TestC4A_forgotPassword" tests="1" failures="0" timestamp="24 Jul 2019 03:59:33 GMT" time="27.678" errors="0">
  <testcase name="forgotPassword" time="27.678" classname="SalesforcePakage.TestC4A_forgotPassword"/>
</testsuite> <!-- SalesforcePakage.TestC4A_forgotPassword -->
