<?xml version="1.0" encoding="UTF-8"?>
<!-- Generated by org.testng.reporters.JUnitReportReporter -->
<testsuite skipped="0" hostname="ranjanabangas-MacBook-Pro.local" name="SalesforcePakage.TestC2_Login" tests="1" failures="0" timestamp="24 Jul 2019 02:33:11 GMT" time="13.570" errors="0">
  <testcase name="login" time="13.570" classname="SalesforcePakage.TestC2_Login"/>
</testsuite> <!-- SalesforcePakage.TestC2_Login -->
