<?xml version="1.0" encoding="UTF-8"?>
<!-- Generated by org.testng.reporters.JUnitReportReporter -->
<testsuite skipped="0" hostname="ranjanabangas-MacBook-Pro.local" name="SalesforcePakage.TestC1_LoginError" tests="1" failures="0" timestamp="24 Jul 2019 05:44:21 GMT" time="27.443" errors="0">
  <testcase name="loginError" time="27.443" classname="SalesforcePakage.TestC1_LoginError"/>
</testsuite> <!-- SalesforcePakage.TestC1_LoginError -->
