<?xml version="1.0" encoding="UTF-8"?>
<!-- Generated by org.testng.reporters.JUnitReportReporter -->
<testsuite skipped="0" hostname="ranjanabangas-MacBook-Pro.local" name="SalesforcePakage.TC05_UserMenudrpdwntest" tests="1" failures="0" timestamp="16 Aug 2019 03:55:18 GMT" time="18.018" errors="0">
  <testcase name="userDropDwntest" time="18.018" classname="SalesforcePakage.TC05_UserMenudrpdwntest"/>
</testsuite> <!-- SalesforcePakage.TC05_UserMenudrpdwntest -->
