<?xml version="1.0" encoding="UTF-8"?>
<!-- Generated by org.testng.reporters.JUnitReportReporter -->
<testsuite skipped="0" hostname="ranjanaangasMBP" name="SalesforcePakage.TestC1_LoginErrortest" tests="1" failures="0" timestamp="06 Aug 2019 23:50:31 GMT" time="44.532" errors="0">
  <testcase name="loginError" time="44.532" classname="SalesforcePakage.TestC1_LoginErrortest"/>
</testsuite> <!-- SalesforcePakage.TestC1_LoginErrortest -->
