<?xml version="1.0" encoding="UTF-8"?>
<!-- Generated by org.testng.reporters.JUnitReportReporter -->
<testsuite skipped="0" hostname="ranjanabangas-MacBook-Pro.local" name="SalesforcePakage.TestC3_rememberMe" tests="1" failures="0" timestamp="24 Jul 2019 05:48:18 GMT" time="50.200" errors="0">
  <testcase name="rememberMe" time="50.200" classname="SalesforcePakage.TestC3_rememberMe"/>
</testsuite> <!-- SalesforcePakage.TestC3_rememberMe -->
